<?xml version="1.0" encoding="UTF-8"?>
<!-- Generated by org.testng.reporters.JUnitReportReporter -->
<testsuite hostname="LAPTOP-J4HJIQT7" failures="0" tests="1" name="Maven2.ValidateTitle" time="0.078" errors="0" timestamp="2020-09-17T13:22:52 IST" skipped="0">
  <testcase classname="Maven2.ValidateTitle" name="validateTitle" time="0.078"/>
  <system-out/>
</testsuite> <!-- Maven2.ValidateTitle -->
