<?xml version="1.0" encoding="UTF-8"?>
<!-- Generated by org.testng.reporters.JUnitReportReporter -->
<testsuite skipped="0" hostname="LAPTOP-J4HJIQT7" name="Maven2.ValidateTitle" tests="1" failures="0" timestamp="2021-12-09T20:18:56 IST" time="0.345" errors="0">
  <testcase name="validateTitle" time="0.345" classname="Maven2.ValidateTitle"/>
  <system-out/>
</testsuite> <!-- Maven2.ValidateTitle -->
